  MapMaker.cpp
C:\Users\Adam\source\repos\Hydropiekłowstąpienie\Hydropiekłowstąpienie\MapMaker.cpp(41,50): warning C4244: "argument": konwersja z "int" do "T", możliwa utrata danych
          with
          [
              T=float
          ]
C:\Users\Adam\source\repos\Hydropiekłowstąpienie\Hydropiekłowstąpienie\MapMaker.cpp(41,37): warning C4244: "argument": konwersja z "int" do "T", możliwa utrata danych
          with
          [
              T=float
          ]
C:\Users\Adam\source\repos\Hydropiekłowstąpienie\Hydropiekłowstąpienie\MapMaker.cpp(42,44): warning C4244: "argument": konwersja z "int" do "float", możliwa utrata danych
C:\Users\Adam\source\repos\Hydropiekłowstąpienie\Hydropiekłowstąpienie\MapMaker.cpp(66,46): warning C4244: "argument": konwersja z "int" do "T", możliwa utrata danych
          with
          [
              T=float
          ]
C:\Users\Adam\source\repos\Hydropiekłowstąpienie\Hydropiekłowstąpienie\MapMaker.cpp(66,33): warning C4244: "argument": konwersja z "int" do "T", możliwa utrata danych
          with
          [
              T=float
          ]
C:\Users\Adam\source\repos\Hydropiekłowstąpienie\Hydropiekłowstąpienie\MapMaker.cpp(67,44): warning C4244: "argument": konwersja z "int" do "float", możliwa utrata danych
C:\Users\Adam\source\repos\Hydropiekłowstąpienie\Hydropiekłowstąpienie\MapMaker.cpp(89,45): warning C4244: "argument": konwersja z "int" do "T", możliwa utrata danych
          with
          [
              T=float
          ]
C:\Users\Adam\source\repos\Hydropiekłowstąpienie\Hydropiekłowstąpienie\MapMaker.cpp(89,32): warning C4244: "argument": konwersja z "int" do "T", możliwa utrata danych
          with
          [
              T=float
          ]
C:\Users\Adam\source\repos\Hydropiekłowstąpienie\Hydropiekłowstąpienie\MapMaker.cpp(90,43): warning C4244: "argument": konwersja z "int" do "float", możliwa utrata danych
  Hydropiekłowstąpienie.vcxproj -> C:\Users\Adam\source\repos\Hydropiekłowstąpienie\Debug\Hydropiekłowstąpienie.exe
