c:\users\adam\source\repos\hydropiekłowstąpienie\hydropiekłowstąpienie\debug\vc142.pdb
c:\users\adam\source\repos\hydropiekłowstąpienie\hydropiekłowstąpienie\debug\vc142.idb
c:\users\adam\source\repos\hydropiekłowstąpienie\hydropiekłowstąpienie\debug\mapmaker.obj
c:\users\adam\source\repos\hydropiekłowstąpienie\hydropiekłowstąpienie\debug\mainmenu.obj
c:\users\adam\source\repos\hydropiekłowstąpienie\hydropiekłowstąpienie\debug\main.obj
c:\users\adam\source\repos\hydropiekłowstąpienie\hydropiekłowstąpienie\debug\filereader.obj
c:\users\adam\source\repos\hydropiekłowstąpienie\hydropiekłowstąpienie\debug\gamecontroller.obj
c:\users\adam\source\repos\hydropiekłowstąpienie\hydropiekłowstąpienie\debug\vcpkg.applocal.log
c:\users\adam\source\repos\hydropiekłowstąpienie\debug\sfml-graphics-d-2.dll
c:\users\adam\source\repos\hydropiekłowstąpienie\debug\sfml-window-d-2.dll
c:\users\adam\source\repos\hydropiekłowstąpienie\debug\sfml-system-d-2.dll
c:\users\adam\source\repos\hydropiekłowstąpienie\debug\freetyped.dll
c:\users\adam\source\repos\hydropiekłowstąpienie\debug\zlibd1.dll
c:\users\adam\source\repos\hydropiekłowstąpienie\debug\bz2d.dll
c:\users\adam\source\repos\hydropiekłowstąpienie\debug\libpng16d.dll
c:\users\adam\source\repos\hydropiekłowstąpienie\debug\hydropiekłowstąpienie.exe
c:\users\adam\source\repos\hydropiekłowstąpienie\debug\hydropiekłowstąpienie.ilk
c:\users\adam\source\repos\hydropiekłowstąpienie\debug\hydropiekłowstąpienie.pdb
c:\users\adam\source\repos\hydropiekłowstąpienie\hydropiekłowstąpienie\debug\hydropie.e85e3158.tlog\cl.command.1.tlog
c:\users\adam\source\repos\hydropiekłowstąpienie\hydropiekłowstąpienie\debug\hydropie.e85e3158.tlog\cl.read.1.tlog
c:\users\adam\source\repos\hydropiekłowstąpienie\hydropiekłowstąpienie\debug\hydropie.e85e3158.tlog\cl.write.1.tlog
c:\users\adam\source\repos\hydropiekłowstąpienie\hydropiekłowstąpienie\debug\hydropie.e85e3158.tlog\hydropiekłowstąpienie.write.1u.tlog
c:\users\adam\source\repos\hydropiekłowstąpienie\hydropiekłowstąpienie\debug\hydropie.e85e3158.tlog\link.command.1.tlog
c:\users\adam\source\repos\hydropiekłowstąpienie\hydropiekłowstąpienie\debug\hydropie.e85e3158.tlog\link.read.1.tlog
c:\users\adam\source\repos\hydropiekłowstąpienie\hydropiekłowstąpienie\debug\hydropie.e85e3158.tlog\link.write.1.tlog
